#
# There is insufficient memory for the Java Runtime Environment to continue.
# Native memory allocation (malloc) failed to allocate 131056 bytes for Chunk::new
# Possible reasons:
#   The system is out of physical RAM or swap space
#   The process is running with CompressedOops enabled, and the Java Heap may be blocking the growth of the native heap
# Possible solutions:
#   Reduce memory load on the system
#   Increase physical memory or swap space
#   Check if swap backing store is full
#   Decrease Java heap size (-Xmx/-Xms)
#   Decrease number of Java threads
#   Decrease Java thread stack sizes (-Xss)
#   Set larger code cache with -XX:ReservedCodeCacheSize=
#   JVM is running with Unscaled Compressed Oops mode in which the Java heap is
#     placed in the first 4GB address space. The Java Heap base address is the
#     maximum limit for the native heap growth. Please use -XX:HeapBaseMinAddress
#     to set the Java Heap base and to place the Java Heap above 4GB virtual address.
# This output file may be truncated or incomplete.
#
#  Out of Memory Error (./open/src/hotspot/share/memory/arena.cpp:195), pid=4264, tid=12472
#
# JRE version: OpenJDK Runtime Environment (14.0.2+12) (build 14.0.2+12-46)
# Java VM: OpenJDK 64-Bit Server VM (14.0.2+12-46, mixed mode, sharing, tiered, compressed oops, g1 gc, windows-amd64)
# No core dump will be written. Minidumps are not enabled by default on client versions of Windows
#

---------------  S U M M A R Y ------------

Command Line: -Dmaven.multiModuleProjectDirectory=F:\github\warehouse-app\warehouse-service -Dmaven.home=C:\Users\domin\.m2\wrapper\dists\apache-maven-3.6.3-bin\1iopthnavndlasol9gbrbg6bf2\apache-maven-3.6.3 -Dclassworlds.conf=C:\Users\domin\.m2\wrapper\dists\apache-maven-3.6.3-bin\1iopthnavndlasol9gbrbg6bf2\apache-maven-3.6.3\bin\m2.conf -Dmaven.ext.class.path=E:\IntelliJ IDEA 2020.2.2\plugins\maven\lib\maven-event-listener.jar -javaagent:E:\IntelliJ IDEA 2020.2.2\lib\idea_rt.jar=54811:E:\IntelliJ IDEA 2020.2.2\bin -Dfile.encoding=UTF-8 org.codehaus.classworlds.Launcher -Didea.version=2020.2.2 clean package

Host: Intel(R) Core(TM) i5-7300HQ CPU @ 2.50GHz, 4 cores, 7G,  Windows 10 , 64 bit Build 19041 (10.0.19041.662)
Time: Wed Feb 10 17:01:53 2021 Œrodkowoeuropejski czas stand. elapsed time: 5 seconds (0d 0h 0m 5s)

---------------  T H R E A D  ---------------

Current thread (0x0000026ffc9ed000):  JavaThread "C2 CompilerThread0" daemon [_thread_in_native, id=12472, stack(0x000000eb49b00000,0x000000eb49c00000)]


Current CompileTask:
C2:   5871 3818       4       java.util.Properties::getProperty (50 bytes)

Stack: [0x000000eb49b00000,0x000000eb49c00000]
Native frames: (J=compiled Java code, j=interpreted, Vv=VM code, C=native code)
V  [jvm.dll+0x5f8a9a]
V  [jvm.dll+0x74247a]
V  [jvm.dll+0x743c2f]
V  [jvm.dll+0x744273]
V  [jvm.dll+0x20d288]
V  [jvm.dll+0xabb07]
V  [jvm.dll+0xac1fc]
V  [jvm.dll+0x276db4]
V  [jvm.dll+0x50cffa]
V  [jvm.dll+0x1ee1da]
V  [jvm.dll+0x1e7cfb]
V  [jvm.dll+0x1e4f98]
V  [jvm.dll+0x1779cc]
V  [jvm.dll+0x1f4105]
V  [jvm.dll+0x1f22eb]
V  [jvm.dll+0x7070cd]
V  [jvm.dll+0x6ffeda]
V  [jvm.dll+0x5f78f6]
C  [ucrtbase.dll+0x214c2]
C  [KERNEL32.DLL+0x17034]
C  [ntdll.dll+0x4d0d1]


---------------  P R O C E S S  ---------------

Threads class SMR info:
_java_thread_list=0x0000026ffe9004c0, length=12, elements={
0x0000026feb26b800, 0x0000026ffc9c3800, 0x0000026ffc9c6800, 0x0000026ffc9e5000,
0x0000026ffc9e9000, 0x0000026ffc9ea000, 0x0000026ffc9ed000, 0x0000026ffc9ee800,
0x0000026ffc9f8800, 0x0000026ffc9ac800, 0x0000026ffd4b6000, 0x0000026ffd4b6800
}

Java Threads: ( => current thread )
  0x0000026feb26b800 JavaThread "main" [_thread_in_Java, id=11596, stack(0x000000eb48f00000,0x000000eb49000000)]
  0x0000026ffc9c3800 JavaThread "Reference Handler" daemon [_thread_blocked, id=17696, stack(0x000000eb49600000,0x000000eb49700000)]
  0x0000026ffc9c6800 JavaThread "Finalizer" daemon [_thread_blocked, id=15464, stack(0x000000eb49700000,0x000000eb49800000)]
  0x0000026ffc9e5000 JavaThread "Signal Dispatcher" daemon [_thread_blocked, id=9840, stack(0x000000eb49800000,0x000000eb49900000)]
  0x0000026ffc9e9000 JavaThread "Attach Listener" daemon [_thread_blocked, id=7700, stack(0x000000eb49900000,0x000000eb49a00000)]
  0x0000026ffc9ea000 JavaThread "Service Thread" daemon [_thread_blocked, id=12308, stack(0x000000eb49a00000,0x000000eb49b00000)]
=>0x0000026ffc9ed000 JavaThread "C2 CompilerThread0" daemon [_thread_in_native, id=12472, stack(0x000000eb49b00000,0x000000eb49c00000)]
  0x0000026ffc9ee800 JavaThread "C1 CompilerThread0" daemon [_thread_blocked, id=4856, stack(0x000000eb49c00000,0x000000eb49d00000)]
  0x0000026ffc9f8800 JavaThread "Sweeper thread" daemon [_thread_blocked, id=15908, stack(0x000000eb49d00000,0x000000eb49e00000)]
  0x0000026ffc9ac800 JavaThread "Common-Cleaner" daemon [_thread_blocked, id=9784, stack(0x000000eb49e00000,0x000000eb49f00000)]
  0x0000026ffd4b6000 JavaThread "Monitor Ctrl-Break" daemon [_thread_in_native, id=13468, stack(0x000000eb49f00000,0x000000eb4a000000)]
  0x0000026ffd4b6800 JavaThread "Notification Thread" daemon [_thread_blocked, id=8540, stack(0x000000eb4a000000,0x000000eb4a100000)]

Other Threads:
  0x0000026ffc9c2800 VMThread "VM Thread" [stack: 0x000000eb49500000,0x000000eb49600000] [id=17548]
  0x0000026ffd4bb800 WatcherThread [stack: 0x000000eb4a100000,0x000000eb4a200000] [id=10400]
  0x0000026feb2b1000 GCTaskThread "GC Thread#0" [stack: 0x000000eb49000000,0x000000eb49100000] [id=9776]
  0x0000026ffdd7a000 GCTaskThread "GC Thread#1" [stack: 0x000000eb4a200000,0x000000eb4a300000] [id=14432]
  0x0000026ffdd19800 GCTaskThread "GC Thread#2" [stack: 0x000000eb4a300000,0x000000eb4a400000] [id=15176]
  0x0000026feb2c2000 ConcurrentGCThread "G1 Main Marker" [stack: 0x000000eb49100000,0x000000eb49200000] [id=17980]
  0x0000026feb2c4000 ConcurrentGCThread "G1 Conc#0" [stack: 0x000000eb49200000,0x000000eb49300000] [id=17016]
  0x0000026ffc837800 ConcurrentGCThread "G1 Refine#0" [stack: 0x000000eb49300000,0x000000eb49400000] [id=5552]
  0x0000026ffdad2000 ConcurrentGCThread "G1 Refine#1" [stack: 0x000000eb4a400000,0x000000eb4a500000] [id=10784]
  0x0000026ffc839000 ConcurrentGCThread "G1 Young RemSet Sampling" [stack: 0x000000eb49400000,0x000000eb49500000] [id=18940]

Threads with active compile tasks:
C2 CompilerThread0     5909 3818       4       java.util.Properties::getProperty (50 bytes)

VM state:not at safepoint (normal execution)

VM Mutex/Monitor currently owned by a thread: None

Heap address: 0x0000000081a00000, size: 2022 MB, Compressed Oops mode: 32-bit
Narrow klass base: 0x0000000800000000, Narrow klass shift: 3
Compressed class space size: 1073741824 Address: 0x0000000800b30000

Heap:
 garbage-first heap   total 131072K, used 69006K [0x0000000081a00000, 0x0000000100000000)
  region size 1024K, 66 young (67584K), 8 survivors (8192K)
 Metaspace       used 14759K, capacity 15576K, committed 15616K, reserved 1062912K
  class space    used 1618K, capacity 1788K, committed 1792K, reserved 1048576K
Heap Regions: E=young(eden), S=young(survivor), O=old, HS=humongous(starts), HC=humongous(continues), CS=collection set, F=free, OA=open archive, CA=closed archive, TAMS=top-at-mark-start (previous, next)
|   0|0x0000000081a00000, 0x0000000081b00000, 0x0000000081b00000|100%| O|  |TAMS 0x0000000081a00000, 0x0000000081a00000| Untracked 
|   1|0x0000000081b00000, 0x0000000081c00000, 0x0000000081c00000|100%| O|  |TAMS 0x0000000081b00000, 0x0000000081b00000| Untracked 
|   2|0x0000000081c00000, 0x0000000081d00000, 0x0000000081d00000|100%| O|  |TAMS 0x0000000081c00000, 0x0000000081c00000| Untracked 
|   3|0x0000000081d00000, 0x0000000081d36800, 0x0000000081e00000| 21%| O|  |TAMS 0x0000000081d00000, 0x0000000081d00000| Untracked 
|   4|0x0000000081e00000, 0x0000000081e00000, 0x0000000081f00000|  0%| F|  |TAMS 0x0000000081e00000, 0x0000000081e00000| Untracked 
|   5|0x0000000081f00000, 0x0000000081f00000, 0x0000000082000000|  0%| F|  |TAMS 0x0000000081f00000, 0x0000000081f00000| Untracked 
|   6|0x0000000082000000, 0x0000000082000000, 0x0000000082100000|  0%| F|  |TAMS 0x0000000082000000, 0x0000000082000000| Untracked 
|   7|0x0000000082100000, 0x0000000082100000, 0x0000000082200000|  0%| F|  |TAMS 0x0000000082100000, 0x0000000082100000| Untracked 
|   8|0x0000000082200000, 0x0000000082200000, 0x0000000082300000|  0%| F|  |TAMS 0x0000000082200000, 0x0000000082200000| Untracked 
|   9|0x0000000082300000, 0x0000000082300000, 0x0000000082400000|  0%| F|  |TAMS 0x0000000082300000, 0x0000000082300000| Untracked 
|  10|0x0000000082400000, 0x0000000082400000, 0x0000000082500000|  0%| F|  |TAMS 0x0000000082400000, 0x0000000082400000| Untracked 
|  11|0x0000000082500000, 0x0000000082500000, 0x0000000082600000|  0%| F|  |TAMS 0x0000000082500000, 0x0000000082500000| Untracked 
|  12|0x0000000082600000, 0x0000000082600000, 0x0000000082700000|  0%| F|  |TAMS 0x0000000082600000, 0x0000000082600000| Untracked 
|  13|0x0000000082700000, 0x0000000082700000, 0x0000000082800000|  0%| F|  |TAMS 0x0000000082700000, 0x0000000082700000| Untracked 
|  14|0x0000000082800000, 0x0000000082800000, 0x0000000082900000|  0%| F|  |TAMS 0x0000000082800000, 0x0000000082800000| Untracked 
|  15|0x0000000082900000, 0x0000000082900000, 0x0000000082a00000|  0%| F|  |TAMS 0x0000000082900000, 0x0000000082900000| Untracked 
|  16|0x0000000082a00000, 0x0000000082a00000, 0x0000000082b00000|  0%| F|  |TAMS 0x0000000082a00000, 0x0000000082a00000| Untracked 
|  17|0x0000000082b00000, 0x0000000082b00000, 0x0000000082c00000|  0%| F|  |TAMS 0x0000000082b00000, 0x0000000082b00000| Untracked 
|  18|0x0000000082c00000, 0x0000000082c00000, 0x0000000082d00000|  0%| F|  |TAMS 0x0000000082c00000, 0x0000000082c00000| Untracked 
|  19|0x0000000082d00000, 0x0000000082d00000, 0x0000000082e00000|  0%| F|  |TAMS 0x0000000082d00000, 0x0000000082d00000| Untracked 
|  20|0x0000000082e00000, 0x0000000082e00000, 0x0000000082f00000|  0%| F|  |TAMS 0x0000000082e00000, 0x0000000082e00000| Untracked 
|  21|0x0000000082f00000, 0x0000000082f00000, 0x0000000083000000|  0%| F|  |TAMS 0x0000000082f00000, 0x0000000082f00000| Untracked 
|  22|0x0000000083000000, 0x0000000083000000, 0x0000000083100000|  0%| F|  |TAMS 0x0000000083000000, 0x0000000083000000| Untracked 
|  23|0x0000000083100000, 0x0000000083100000, 0x0000000083200000|  0%| F|  |TAMS 0x0000000083100000, 0x0000000083100000| Untracked 
|  24|0x0000000083200000, 0x0000000083200000, 0x0000000083300000|  0%| F|  |TAMS 0x0000000083200000, 0x0000000083200000| Untracked 
|  25|0x0000000083300000, 0x0000000083300000, 0x0000000083400000|  0%| F|  |TAMS 0x0000000083300000, 0x0000000083300000| Untracked 
|  26|0x0000000083400000, 0x0000000083400000, 0x0000000083500000|  0%| F|  |TAMS 0x0000000083400000, 0x0000000083400000| Untracked 
|  27|0x0000000083500000, 0x0000000083500000, 0x0000000083600000|  0%| F|  |TAMS 0x0000000083500000, 0x0000000083500000| Untracked 
|  28|0x0000000083600000, 0x0000000083600000, 0x0000000083700000|  0%| F|  |TAMS 0x0000000083600000, 0x0000000083600000| Untracked 
|  29|0x0000000083700000, 0x0000000083700000, 0x0000000083800000|  0%| F|  |TAMS 0x0000000083700000, 0x0000000083700000| Untracked 
|  30|0x0000000083800000, 0x0000000083800000, 0x0000000083900000|  0%| F|  |TAMS 0x0000000083800000, 0x0000000083800000| Untracked 
|  31|0x0000000083900000, 0x0000000083900000, 0x0000000083a00000|  0%| F|  |TAMS 0x0000000083900000, 0x0000000083900000| Untracked 
|  32|0x0000000083a00000, 0x0000000083a00000, 0x0000000083b00000|  0%| F|  |TAMS 0x0000000083a00000, 0x0000000083a00000| Untracked 
|  33|0x0000000083b00000, 0x0000000083b00000, 0x0000000083c00000|  0%| F|  |TAMS 0x0000000083b00000, 0x0000000083b00000| Untracked 
|  34|0x0000000083c00000, 0x0000000083c00000, 0x0000000083d00000|  0%| F|  |TAMS 0x0000000083c00000, 0x0000000083c00000| Untracked 
|  35|0x0000000083d00000, 0x0000000083d00000, 0x0000000083e00000|  0%| F|  |TAMS 0x0000000083d00000, 0x0000000083d00000| Untracked 
|  36|0x0000000083e00000, 0x0000000083e00000, 0x0000000083f00000|  0%| F|  |TAMS 0x0000000083e00000, 0x0000000083e00000| Untracked 
|  37|0x0000000083f00000, 0x0000000083f00000, 0x0000000084000000|  0%| F|  |TAMS 0x0000000083f00000, 0x0000000083f00000| Untracked 
|  38|0x0000000084000000, 0x0000000084000000, 0x0000000084100000|  0%| F|  |TAMS 0x0000000084000000, 0x0000000084000000| Untracked 
|  39|0x0000000084100000, 0x0000000084100000, 0x0000000084200000|  0%| F|  |TAMS 0x0000000084100000, 0x0000000084100000| Untracked 
|  40|0x0000000084200000, 0x0000000084200000, 0x0000000084300000|  0%| F|  |TAMS 0x0000000084200000, 0x0000000084200000| Untracked 
|  41|0x0000000084300000, 0x0000000084300000, 0x0000000084400000|  0%| F|  |TAMS 0x0000000084300000, 0x0000000084300000| Untracked 
|  42|0x0000000084400000, 0x0000000084400000, 0x0000000084500000|  0%| F|  |TAMS 0x0000000084400000, 0x0000000084400000| Untracked 
|  43|0x0000000084500000, 0x0000000084500000, 0x0000000084600000|  0%| F|  |TAMS 0x0000000084500000, 0x0000000084500000| Untracked 
|  44|0x0000000084600000, 0x000000008462d160, 0x0000000084700000| 17%| S|CS|TAMS 0x0000000084600000, 0x0000000084600000| Complete 
|  45|0x0000000084700000, 0x0000000084800000, 0x0000000084800000|100%| S|CS|TAMS 0x0000000084700000, 0x0000000084700000| Complete 
|  46|0x0000000084800000, 0x0000000084900000, 0x0000000084900000|100%| S|CS|TAMS 0x0000000084800000, 0x0000000084800000| Complete 
|  47|0x0000000084900000, 0x0000000084a00000, 0x0000000084a00000|100%| S|CS|TAMS 0x0000000084900000, 0x0000000084900000| Complete 
|  48|0x0000000084a00000, 0x0000000084b00000, 0x0000000084b00000|100%| S|CS|TAMS 0x0000000084a00000, 0x0000000084a00000| Complete 
|  49|0x0000000084b00000, 0x0000000084c00000, 0x0000000084c00000|100%| S|CS|TAMS 0x0000000084b00000, 0x0000000084b00000| Complete 
|  50|0x0000000084c00000, 0x0000000084d00000, 0x0000000084d00000|100%| S|CS|TAMS 0x0000000084c00000, 0x0000000084c00000| Complete 
|  51|0x0000000084d00000, 0x0000000084e00000, 0x0000000084e00000|100%| S|CS|TAMS 0x0000000084d00000, 0x0000000084d00000| Complete 
|  52|0x0000000084e00000, 0x0000000084e00000, 0x0000000084f00000|  0%| F|  |TAMS 0x0000000084e00000, 0x0000000084e00000| Untracked 
|  53|0x0000000084f00000, 0x0000000084f00000, 0x0000000085000000|  0%| F|  |TAMS 0x0000000084f00000, 0x0000000084f00000| Untracked 
|  54|0x0000000085000000, 0x0000000085000000, 0x0000000085100000|  0%| F|  |TAMS 0x0000000085000000, 0x0000000085000000| Untracked 
|  55|0x0000000085100000, 0x0000000085100000, 0x0000000085200000|  0%| F|  |TAMS 0x0000000085100000, 0x0000000085100000| Untracked 
|  56|0x0000000085200000, 0x0000000085200000, 0x0000000085300000|  0%| F|  |TAMS 0x0000000085200000, 0x0000000085200000| Untracked 
|  57|0x0000000085300000, 0x0000000085300000, 0x0000000085400000|  0%| F|  |TAMS 0x0000000085300000, 0x0000000085300000| Untracked 
|  58|0x0000000085400000, 0x0000000085400000, 0x0000000085500000|  0%| F|  |TAMS 0x0000000085400000, 0x0000000085400000| Untracked 
|  59|0x0000000085500000, 0x0000000085500000, 0x0000000085600000|  0%| F|  |TAMS 0x0000000085500000, 0x0000000085500000| Untracked 
|  60|0x0000000085600000, 0x0000000085600000, 0x0000000085700000|  0%| F|  |TAMS 0x0000000085600000, 0x0000000085600000| Untracked 
|  61|0x0000000085700000, 0x0000000085700000, 0x0000000085800000|  0%| F|  |TAMS 0x0000000085700000, 0x0000000085700000| Untracked 
|  62|0x0000000085800000, 0x0000000085800000, 0x0000000085900000|  0%| F|  |TAMS 0x0000000085800000, 0x0000000085800000| Untracked 
|  63|0x0000000085900000, 0x0000000085900000, 0x0000000085a00000|  0%| F|  |TAMS 0x0000000085900000, 0x0000000085900000| Untracked 
|  64|0x0000000085a00000, 0x0000000085a00000, 0x0000000085b00000|  0%| F|  |TAMS 0x0000000085a00000, 0x0000000085a00000| Untracked 
|  65|0x0000000085b00000, 0x0000000085b00000, 0x0000000085c00000|  0%| F|  |TAMS 0x0000000085b00000, 0x0000000085b00000| Untracked 
|  66|0x0000000085c00000, 0x0000000085c00000, 0x0000000085d00000|  0%| F|  |TAMS 0x0000000085c00000, 0x0000000085c00000| Untracked 
|  67|0x0000000085d00000, 0x0000000085d00000, 0x0000000085e00000|  0%| F|  |TAMS 0x0000000085d00000, 0x0000000085d00000| Untracked 
|  68|0x0000000085e00000, 0x0000000085e00000, 0x0000000085f00000|  0%| F|  |TAMS 0x0000000085e00000, 0x0000000085e00000| Untracked 
|  69|0x0000000085f00000, 0x0000000085f00000, 0x0000000086000000|  0%| F|  |TAMS 0x0000000085f00000, 0x0000000085f00000| Untracked 
|  70|0x0000000086000000, 0x0000000086080800, 0x0000000086100000| 50%| E|  |TAMS 0x0000000086000000, 0x0000000086000000| Complete 
|  71|0x0000000086100000, 0x0000000086200000, 0x0000000086200000|100%| E|CS|TAMS 0x0000000086100000, 0x0000000086100000| Complete 
|  72|0x0000000086200000, 0x0000000086300000, 0x0000000086300000|100%| E|CS|TAMS 0x0000000086200000, 0x0000000086200000| Complete 
|  73|0x0000000086300000, 0x0000000086400000, 0x0000000086400000|100%| E|CS|TAMS 0x0000000086300000, 0x0000000086300000| Complete 
|  74|0x0000000086400000, 0x0000000086500000, 0x0000000086500000|100%| E|CS|TAMS 0x0000000086400000, 0x0000000086400000| Complete 
|  75|0x0000000086500000, 0x0000000086600000, 0x0000000086600000|100%| E|CS|TAMS 0x0000000086500000, 0x0000000086500000| Complete 
|  76|0x0000000086600000, 0x0000000086700000, 0x0000000086700000|100%| E|CS|TAMS 0x0000000086600000, 0x0000000086600000| Complete 
|  77|0x0000000086700000, 0x0000000086800000, 0x0000000086800000|100%| E|CS|TAMS 0x0000000086700000, 0x0000000086700000| Complete 
|  78|0x0000000086800000, 0x0000000086900000, 0x0000000086900000|100%| E|CS|TAMS 0x0000000086800000, 0x0000000086800000| Complete 
|  79|0x0000000086900000, 0x0000000086a00000, 0x0000000086a00000|100%| E|CS|TAMS 0x0000000086900000, 0x0000000086900000| Complete 
|  80|0x0000000086a00000, 0x0000000086b00000, 0x0000000086b00000|100%| E|CS|TAMS 0x0000000086a00000, 0x0000000086a00000| Complete 
|  81|0x0000000086b00000, 0x0000000086c00000, 0x0000000086c00000|100%| E|CS|TAMS 0x0000000086b00000, 0x0000000086b00000| Complete 
|  82|0x0000000086c00000, 0x0000000086d00000, 0x0000000086d00000|100%| E|CS|TAMS 0x0000000086c00000, 0x0000000086c00000| Complete 
|  83|0x0000000086d00000, 0x0000000086e00000, 0x0000000086e00000|100%| E|CS|TAMS 0x0000000086d00000, 0x0000000086d00000| Complete 
|  84|0x0000000086e00000, 0x0000000086f00000, 0x0000000086f00000|100%| E|CS|TAMS 0x0000000086e00000, 0x0000000086e00000| Complete 
|  85|0x0000000086f00000, 0x0000000087000000, 0x0000000087000000|100%| E|CS|TAMS 0x0000000086f00000, 0x0000000086f00000| Complete 
|  86|0x0000000087000000, 0x0000000087100000, 0x0000000087100000|100%| E|CS|TAMS 0x0000000087000000, 0x0000000087000000| Complete 
|  87|0x0000000087100000, 0x0000000087200000, 0x0000000087200000|100%| E|CS|TAMS 0x0000000087100000, 0x0000000087100000| Complete 
|  88|0x0000000087200000, 0x0000000087300000, 0x0000000087300000|100%| E|CS|TAMS 0x0000000087200000, 0x0000000087200000| Complete 
|  89|0x0000000087300000, 0x0000000087400000, 0x0000000087400000|100%| E|CS|TAMS 0x0000000087300000, 0x0000000087300000| Complete 
|  90|0x0000000087400000, 0x0000000087500000, 0x0000000087500000|100%| E|CS|TAMS 0x0000000087400000, 0x0000000087400000| Complete 
|  91|0x0000000087500000, 0x0000000087600000, 0x0000000087600000|100%| E|CS|TAMS 0x0000000087500000, 0x0000000087500000| Complete 
|  92|0x0000000087600000, 0x0000000087700000, 0x0000000087700000|100%| E|CS|TAMS 0x0000000087600000, 0x0000000087600000| Complete 
|  93|0x0000000087700000, 0x0000000087800000, 0x0000000087800000|100%| E|CS|TAMS 0x0000000087700000, 0x0000000087700000| Complete 
|  94|0x0000000087800000, 0x0000000087900000, 0x0000000087900000|100%| E|CS|TAMS 0x0000000087800000, 0x0000000087800000| Complete 
|  95|0x0000000087900000, 0x0000000087a00000, 0x0000000087a00000|100%| E|CS|TAMS 0x0000000087900000, 0x0000000087900000| Complete 
|  96|0x0000000087a00000, 0x0000000087b00000, 0x0000000087b00000|100%| E|CS|TAMS 0x0000000087a00000, 0x0000000087a00000| Complete 
|  97|0x0000000087b00000, 0x0000000087c00000, 0x0000000087c00000|100%| E|CS|TAMS 0x0000000087b00000, 0x0000000087b00000| Complete 
|  98|0x0000000087c00000, 0x0000000087d00000, 0x0000000087d00000|100%| E|CS|TAMS 0x0000000087c00000, 0x0000000087c00000| Complete 
|  99|0x0000000087d00000, 0x0000000087e00000, 0x0000000087e00000|100%| E|CS|TAMS 0x0000000087d00000, 0x0000000087d00000| Complete 
| 100|0x0000000087e00000, 0x0000000087f00000, 0x0000000087f00000|100%| E|CS|TAMS 0x0000000087e00000, 0x0000000087e00000| Complete 
| 101|0x0000000087f00000, 0x0000000088000000, 0x0000000088000000|100%| E|CS|TAMS 0x0000000087f00000, 0x0000000087f00000| Complete 
| 102|0x0000000088000000, 0x0000000088100000, 0x0000000088100000|100%| E|CS|TAMS 0x0000000088000000, 0x0000000088000000| Complete 
| 103|0x0000000088100000, 0x0000000088200000, 0x0000000088200000|100%| E|CS|TAMS 0x0000000088100000, 0x0000000088100000| Complete 
| 104|0x0000000088200000, 0x0000000088300000, 0x0000000088300000|100%| E|CS|TAMS 0x0000000088200000, 0x0000000088200000| Complete 
| 105|0x0000000088300000, 0x0000000088400000, 0x0000000088400000|100%| E|CS|TAMS 0x0000000088300000, 0x0000000088300000| Complete 
| 106|0x0000000088400000, 0x0000000088500000, 0x0000000088500000|100%| E|CS|TAMS 0x0000000088400000, 0x0000000088400000| Complete 
| 107|0x0000000088500000, 0x0000000088600000, 0x0000000088600000|100%| E|CS|TAMS 0x0000000088500000, 0x0000000088500000| Complete 
| 108|0x0000000088600000, 0x0000000088700000, 0x0000000088700000|100%| E|CS|TAMS 0x0000000088600000, 0x0000000088600000| Complete 
| 109|0x0000000088700000, 0x0000000088800000, 0x0000000088800000|100%| E|CS|TAMS 0x0000000088700000, 0x0000000088700000| Complete 
| 110|0x0000000088800000, 0x0000000088900000, 0x0000000088900000|100%| E|CS|TAMS 0x0000000088800000, 0x0000000088800000| Complete 
| 111|0x0000000088900000, 0x0000000088a00000, 0x0000000088a00000|100%| E|CS|TAMS 0x0000000088900000, 0x0000000088900000| Complete 
| 112|0x0000000088a00000, 0x0000000088b00000, 0x0000000088b00000|100%| E|CS|TAMS 0x0000000088a00000, 0x0000000088a00000| Complete 
| 113|0x0000000088b00000, 0x0000000088c00000, 0x0000000088c00000|100%| E|CS|TAMS 0x0000000088b00000, 0x0000000088b00000| Complete 
| 114|0x0000000088c00000, 0x0000000088d00000, 0x0000000088d00000|100%| E|CS|TAMS 0x0000000088c00000, 0x0000000088c00000| Complete 
| 115|0x0000000088d00000, 0x0000000088e00000, 0x0000000088e00000|100%| E|CS|TAMS 0x0000000088d00000, 0x0000000088d00000| Complete 
| 116|0x0000000088e00000, 0x0000000088f00000, 0x0000000088f00000|100%| E|CS|TAMS 0x0000000088e00000, 0x0000000088e00000| Complete 
| 117|0x0000000088f00000, 0x0000000089000000, 0x0000000089000000|100%| E|CS|TAMS 0x0000000088f00000, 0x0000000088f00000| Complete 
| 118|0x0000000089000000, 0x0000000089100000, 0x0000000089100000|100%| E|CS|TAMS 0x0000000089000000, 0x0000000089000000| Complete 
| 119|0x0000000089100000, 0x0000000089200000, 0x0000000089200000|100%| E|CS|TAMS 0x0000000089100000, 0x0000000089100000| Complete 
| 120|0x0000000089200000, 0x0000000089300000, 0x0000000089300000|100%| E|CS|TAMS 0x0000000089200000, 0x0000000089200000| Complete 
| 121|0x0000000089300000, 0x0000000089400000, 0x0000000089400000|100%| E|CS|TAMS 0x0000000089300000, 0x0000000089300000| Complete 
| 122|0x0000000089400000, 0x0000000089500000, 0x0000000089500000|100%| E|CS|TAMS 0x0000000089400000, 0x0000000089400000| Complete 
| 123|0x0000000089500000, 0x0000000089600000, 0x0000000089600000|100%| E|CS|TAMS 0x0000000089500000, 0x0000000089500000| Complete 
| 124|0x0000000089600000, 0x0000000089700000, 0x0000000089700000|100%| E|CS|TAMS 0x0000000089600000, 0x0000000089600000| Complete 
| 125|0x0000000089700000, 0x0000000089800000, 0x0000000089800000|100%| E|CS|TAMS 0x0000000089700000, 0x0000000089700000| Complete 
| 126|0x0000000089800000, 0x0000000089900000, 0x0000000089900000|100%| E|CS|TAMS 0x0000000089800000, 0x0000000089800000| Complete 
| 127|0x0000000089900000, 0x0000000089a00000, 0x0000000089a00000|100%| E|CS|TAMS 0x0000000089900000, 0x0000000089900000| Complete 

Card table byte_map: [0x0000026ff5c30000,0x0000026ff6030000] _byte_map_base: 0x0000026ff5823000

Marking Bits (Prev, Next): (CMBitMap*) 0x0000026feb2b18a8, (CMBitMap*) 0x0000026feb2b18e8
 Prev Bits: [0x0000026ff6430000, 0x0000026ff83c8000)
 Next Bits: [0x0000026ff83d0000, 0x0000026ffa368000)

Polling page: 0x0000026feb350000

Metaspace:

Usage:
  Non-class:     13.47 MB capacity,    12.85 MB ( 95%) used,   612.06 KB (  4%) free+waste,    21.50 KB ( <1%) overhead. 
      Class:      1.75 MB capacity,     1.58 MB ( 90%) used,   160.70 KB (  9%) free+waste,     9.44 KB ( <1%) overhead. 
       Both:     15.21 MB capacity,    14.43 MB ( 95%) used,   772.76 KB (  5%) free+waste,    30.94 KB ( <1%) overhead. 

Virtual space:
  Non-class space:       14.00 MB reserved,      13.50 MB ( 96%) committed 
      Class space:        1.00 GB reserved,       1.75 MB ( <1%) committed 
             Both:        1.01 GB reserved,      15.25 MB (  1%) committed 

Chunk freelists:
   Non-Class:  34.00 KB
       Class:  3.00 KB
        Both:  37.00 KB

MaxMetaspaceSize: 17179869184.00 GB
CompressedClassSpaceSize: 1.00 GB

CodeHeap 'non-profiled nmethods': size=120000Kb used=2075Kb max_used=2075Kb free=117924Kb
 bounds [0x0000026f87ad0000, 0x0000026f87d40000, 0x0000026f8f000000]
CodeHeap 'profiled nmethods': size=120000Kb used=8780Kb max_used=8780Kb free=111219Kb
 bounds [0x0000026f805a0000, 0x0000026f80e40000, 0x0000026f87ad0000]
CodeHeap 'non-nmethods': size=5760Kb used=1211Kb max_used=1255Kb free=4548Kb
 bounds [0x0000026f80000000, 0x0000026f80270000, 0x0000026f805a0000]
 total_blobs=4295 nmethods=3823 adapters=384
 compilation: enabled
              stopped_count=0, restarted_count=0
 full_count=0

Compilation events (20 events):
Event: 5.829 Thread 0x0000026ffc9ee800 nmethod 3809 0x0000026f87cd6290 code [0x0000026f87cd6420, 0x0000026f87cd6538]
Event: 5.829 Thread 0x0000026ffc9ee800 3810       3       org.eclipse.aether.util.graph.selector.ExclusionDependencySelector::matches (23 bytes)
Event: 5.829 Thread 0x0000026ffc9ee800 nmethod 3810 0x0000026f80e1fd90 code [0x0000026f80e1ff40, 0x0000026f80e20178]
Event: 5.834 Thread 0x0000026ffc9ee800 3811       1       org.apache.maven.model.Site::getId (5 bytes)
Event: 5.835 Thread 0x0000026ffc9ee800 nmethod 3811 0x0000026f87cd6590 code [0x0000026f87cd6720, 0x0000026f87cd67f8]
Event: 5.841 Thread 0x0000026ffc9ed000 3812       4       java.util.regex.CharPredicates$$Lambda$16/0x0000000800ba8040::is (5 bytes)
Event: 5.842 Thread 0x0000026ffc9ed000 nmethod 3812 0x0000026f87cd6890 code [0x0000026f87cd6a20, 0x0000026f87cd6af8]
Event: 5.848 Thread 0x0000026ffc9ed000 3813       4       org.apache.maven.model.merge.ModelMerger$DependencyKeyComputer::<init> (6 bytes)
Event: 5.849 Thread 0x0000026ffc9ee800 3814       3       org.eclipse.aether.repository.RemoteRepository::copy (39 bytes)
Event: 5.849 Thread 0x0000026ffc9ee800 nmethod 3814 0x0000026f80e20290 code [0x0000026f80e20500, 0x0000026f80e21318]
Event: 5.849 Thread 0x0000026ffc9ee800 3815       3       org.eclipse.aether.resolution.VersionRangeResult::getRepository (14 bytes)
Event: 5.849 Thread 0x0000026ffc9ee800 nmethod 3815 0x0000026f80e21690 code [0x0000026f80e21840, 0x0000026f80e21b48]
Event: 5.850 Thread 0x0000026ffc9ed000 nmethod 3813 0x0000026f87cd6c10 code [0x0000026f87cd6d80, 0x0000026f87cd6eb8]
Event: 5.850 Thread 0x0000026ffc9ee800 3816       3       java.util.concurrent.ConcurrentHashMap::remove (8 bytes)
Event: 5.851 Thread 0x0000026ffc9ee800 nmethod 3816 0x0000026f80e21c10 code [0x0000026f80e21dc0, 0x0000026f80e21f28]
Event: 5.861 Thread 0x0000026ffc9ee800 3817       3       org.eclipse.aether.util.graph.selector.ExclusionDependencySelector::matches (78 bytes)
Event: 5.861 Thread 0x0000026ffc9ee800 nmethod 3817 0x0000026f80e22010 code [0x0000026f80e222c0, 0x0000026f80e22ef8]
Event: 5.864 Thread 0x0000026ffc9ed000 3818       4       java.util.Properties::getProperty (50 bytes)
Event: 5.864 Thread 0x0000026ffc9ee800 3819       3       org.eclipse.aether.graph.Dependency::hashCode (70 bytes)
Event: 5.864 Thread 0x0000026ffc9ee800 nmethod 3819 0x0000026f80e23210 code [0x0000026f80e23400, 0x0000026f80e238c8]

GC Heap History (8 events):
Event: 1.631 GC heap before
{Heap before GC invocations=0 (full 0):
 garbage-first heap   total 131072K, used 13312K [0x0000000081a00000, 0x0000000100000000)
  region size 1024K, 13 young (13312K), 0 survivors (0K)
 Metaspace       used 3897K, capacity 6330K, committed 6656K, reserved 1056768K
  class space    used 407K, capacity 648K, committed 768K, reserved 1048576K
}
Event: 1.636 GC heap after
{Heap after GC invocations=1 (full 0):
 garbage-first heap   total 131072K, used 3239K [0x0000000081a00000, 0x0000000100000000)
  region size 1024K, 2 young (2048K), 2 survivors (2048K)
 Metaspace       used 3897K, capacity 6330K, committed 6656K, reserved 1056768K
  class space    used 407K, capacity 648K, committed 768K, reserved 1048576K
}
Event: 1.956 GC heap before
{Heap before GC invocations=1 (full 0):
 garbage-first heap   total 131072K, used 14503K [0x0000000081a00000, 0x0000000100000000)
  region size 1024K, 13 young (13312K), 2 survivors (2048K)
 Metaspace       used 6073K, capacity 7897K, committed 8192K, reserved 1056768K
  class space    used 708K, capacity 913K, committed 1024K, reserved 1048576K
}
Event: 1.959 GC heap after
{Heap after GC invocations=2 (full 0):
 garbage-first heap   total 131072K, used 4123K [0x0000000081a00000, 0x0000000100000000)
  region size 1024K, 1 young (1024K), 1 survivors (1024K)
 Metaspace       used 6073K, capacity 7897K, committed 8192K, reserved 1056768K
  class space    used 708K, capacity 913K, committed 1024K, reserved 1048576K
}
Event: 2.388 GC heap before
{Heap before GC invocations=2 (full 0):
 garbage-first heap   total 131072K, used 30747K [0x0000000081a00000, 0x0000000100000000)
  region size 1024K, 27 young (27648K), 1 survivors (1024K)
 Metaspace       used 9238K, capacity 10704K, committed 10880K, reserved 1058816K
  class space    used 1098K, capacity 1312K, committed 1408K, reserved 1048576K
}
Event: 2.390 GC heap after
{Heap after GC invocations=3 (full 0):
 garbage-first heap   total 131072K, used 4970K [0x0000000081a00000, 0x0000000100000000)
  region size 1024K, 2 young (2048K), 2 survivors (2048K)
 Metaspace       used 9238K, capacity 10704K, committed 10880K, reserved 1058816K
  class space    used 1098K, capacity 1312K, committed 1408K, reserved 1048576K
}
Event: 3.888 GC heap before
{Heap before GC invocations=3 (full 0):
 garbage-first heap   total 131072K, used 80746K [0x0000000081a00000, 0x0000000100000000)
  region size 1024K, 76 young (77824K), 2 survivors (2048K)
 Metaspace       used 14173K, capacity 15105K, committed 15360K, reserved 1062912K
  class space    used 1597K, capacity 1781K, committed 1792K, reserved 1048576K
}
Event: 3.899 GC heap after
{Heap after GC invocations=4 (full 0):
 garbage-first heap   total 131072K, used 10638K [0x0000000081a00000, 0x0000000100000000)
  region size 1024K, 8 young (8192K), 8 survivors (8192K)
 Metaspace       used 14173K, capacity 15105K, committed 15360K, reserved 1062912K
  class space    used 1597K, capacity 1781K, committed 1792K, reserved 1048576K
}

Deoptimization events (20 events):
Event: 5.144 Thread 0x0000026feb26b800 Uncommon trap: trap_request=0xffffffbe fr.pc=0x0000026f87ca3e14 relative=0x00000000000002f4
Event: 5.144 Thread 0x0000026feb26b800 Uncommon trap: reason=profile_predicate action=maybe_recompile pc=0x0000026f87ca3e14 method=java.util.regex.Pattern$Slice.match(Ljava/util/regex/Matcher;ILjava/lang/CharSequence;)Z @ 18 c2
Event: 5.144 Thread 0x0000026feb26b800 DEOPT PACKING pc=0x0000026f87ca3e14 sp=0x000000eb48ffc260
Event: 5.144 Thread 0x0000026feb26b800 DEOPT UNPACKING pc=0x0000026f8004912f sp=0x000000eb48ffc200 mode 2
Event: 5.144 Thread 0x0000026feb26b800 Uncommon trap: trap_request=0xffffffbe fr.pc=0x0000026f87ca3e14 relative=0x00000000000002f4
Event: 5.144 Thread 0x0000026feb26b800 Uncommon trap: reason=profile_predicate action=maybe_recompile pc=0x0000026f87ca3e14 method=java.util.regex.Pattern$Slice.match(Ljava/util/regex/Matcher;ILjava/lang/CharSequence;)Z @ 18 c2
Event: 5.144 Thread 0x0000026feb26b800 DEOPT PACKING pc=0x0000026f87ca3e14 sp=0x000000eb48ffc260
Event: 5.144 Thread 0x0000026feb26b800 DEOPT UNPACKING pc=0x0000026f8004912f sp=0x000000eb48ffc200 mode 2
Event: 5.144 Thread 0x0000026feb26b800 Uncommon trap: trap_request=0xffffffbe fr.pc=0x0000026f87ca3e14 relative=0x00000000000002f4
Event: 5.144 Thread 0x0000026feb26b800 Uncommon trap: reason=profile_predicate action=maybe_recompile pc=0x0000026f87ca3e14 method=java.util.regex.Pattern$Slice.match(Ljava/util/regex/Matcher;ILjava/lang/CharSequence;)Z @ 18 c2
Event: 5.144 Thread 0x0000026feb26b800 DEOPT PACKING pc=0x0000026f87ca3e14 sp=0x000000eb48ffc260
Event: 5.144 Thread 0x0000026feb26b800 DEOPT UNPACKING pc=0x0000026f8004912f sp=0x000000eb48ffc200 mode 2
Event: 5.192 Thread 0x0000026feb26b800 DEOPT PACKING pc=0x0000026f8062f0bb sp=0x000000eb48ffc090
Event: 5.192 Thread 0x0000026feb26b800 DEOPT UNPACKING pc=0x0000026f8004964e sp=0x000000eb48ffb5d0 mode 0
Event: 5.193 Thread 0x0000026feb26b800 DEOPT PACKING pc=0x0000026f80691d69 sp=0x000000eb48ffbfa0
Event: 5.193 Thread 0x0000026feb26b800 DEOPT UNPACKING pc=0x0000026f8004964e sp=0x000000eb48ffb480 mode 0
Event: 5.798 Thread 0x0000026feb26b800 Uncommon trap: trap_request=0xffffff45 fr.pc=0x0000026f87cd34d0 relative=0x0000000000002750
Event: 5.798 Thread 0x0000026feb26b800 Uncommon trap: reason=unstable_if action=reinterpret pc=0x0000026f87cd34d0 method=org.apache.maven.repository.internal.ArtifactDescriptorReaderDelegate.convert(Lorg/apache/maven/model/Dependency;Lorg/eclipse/aether/artifact/ArtifactTypeRegistry;)Lorg/ecli
Event: 5.798 Thread 0x0000026feb26b800 DEOPT PACKING pc=0x0000026f87cd34d0 sp=0x000000eb48ffc470
Event: 5.798 Thread 0x0000026feb26b800 DEOPT UNPACKING pc=0x0000026f8004912f sp=0x000000eb48ffc478 mode 2

Classes unloaded (0 events):
No events

Classes redefined (0 events):
No events

Internal exceptions (8 events):
Event: 0.392 Thread 0x0000026feb26b800 Exception <a 'java/lang/NoSuchMethodError'{0x00000000896cef08}: 'int java.lang.invoke.DirectMethodHandle$Holder.invokeSpecialIFC(java.lang.Object, java.lang.Object, int)'> (0x00000000896cef08) 
thrown [./open/src/hotspot/share/interpreter/linkResolver.cpp, line 766]
Event: 0.482 Thread 0x0000026feb26b800 Exception <a 'java/lang/NoSuchMethodError'{0x00000000895e7050}: 'java.lang.Object java.lang.invoke.DirectMethodHandle$Holder.invokeStaticInit(java.lang.Object, int, int, int, int)'> (0x00000000895e7050) 
thrown [./open/src/hotspot/share/interpreter/linkResolver.cpp, line 766]
Event: 0.763 Thread 0x0000026feb26b800 Exception <a 'java/lang/NoSuchMethodError'{0x00000000894a8810}: 'java.lang.Object java.lang.invoke.DirectMethodHandle$Holder.invokeStaticInit(java.lang.Object, java.lang.Object, int, int, int, int)'> (0x00000000894a8810) 
thrown [./open/src/hotspot/share/interpreter/linkResolver.cpp, line 766]
Event: 2.601 Thread 0x0000026feb26b800 Exception <a 'java/lang/NoClassDefFoundError'{0x0000000088d97d00}: com/google/inject/servlet/ServletModuleTargetVisitor> (0x0000000088d97d00) 
thrown [./open/src/hotspot/share/classfile/systemDictionary.cpp, line 215]
Event: 2.601 Thread 0x0000026feb26b800 Exception <a 'java/lang/NoClassDefFoundError'{0x0000000088d9ac98}: javax/annotation/Priority> (0x0000000088d9ac98) 
thrown [./open/src/hotspot/share/classfile/systemDictionary.cpp, line 215]
Event: 2.839 Thread 0x0000026feb26b800 Implicit null exception at 0x0000026f87afba64 to 0x0000026f87afc05c
Event: 2.839 Thread 0x0000026feb26b800 Implicit null exception at 0x0000026f87af79e4 to 0x0000026f87af7fb0
Event: 3.834 Thread 0x0000026feb26b800 Implicit null exception at 0x0000026f87c016b9 to 0x0000026f87c02030

Events (20 events):
Event: 3.572 Executing VM operation: ICBufferFull
Event: 3.572 Executing VM operation: ICBufferFull done
Event: 3.762 loading class java/util/LinkedList$ListItr
Event: 3.762 loading class java/util/LinkedList$ListItr done
Event: 3.789 Executing VM operation: HandshakeAllThreads
Event: 3.789 Executing VM operation: HandshakeAllThreads done
Event: 3.811 loading class java/util/TreeMap$Values
Event: 3.811 loading class java/util/TreeMap$Values done
Event: 3.811 loading class java/util/TreeMap$ValueIterator
Event: 3.811 loading class java/util/TreeMap$ValueIterator done
Event: 3.888 Executing VM operation: G1CollectForAllocation
Event: 3.899 Executing VM operation: G1CollectForAllocation done
Event: 3.899 Executing VM operation: BulkRevokeBias
Event: 3.899 Executing VM operation: BulkRevokeBias done
Event: 3.899 Executing VM operation: BulkRevokeBias
Event: 3.900 Executing VM operation: BulkRevokeBias done
Event: 4.467 loading class sun/nio/cs/ISO_8859_1$Decoder
Event: 4.468 loading class sun/nio/cs/ISO_8859_1$Decoder done
Event: 4.810 Thread 0x0000026ffe964000 Thread added: 0x0000026ffe964000
Event: 5.754 Thread 0x0000026ffe964000 Thread exited: 0x0000026ffe964000


Dynamic libraries:
0x00007ff723460000 - 0x00007ff72346d000 	C:\jdk-14.0.2\bin\java.exe
0x00007ffa61290000 - 0x00007ffa61486000 	C:\Windows\SYSTEM32\ntdll.dll
0x00007ffa606e0000 - 0x00007ffa6079d000 	C:\Windows\System32\KERNEL32.DLL
0x00007ffa5ecc0000 - 0x00007ffa5ef89000 	C:\Windows\System32\KERNELBASE.dll
0x00007ffa5eab0000 - 0x00007ffa5ebb0000 	C:\Windows\System32\ucrtbase.dll
0x00007ffa34db0000 - 0x00007ffa34dc8000 	C:\jdk-14.0.2\bin\jli.dll
0x00007ffa31900000 - 0x00007ffa31915000 	C:\jdk-14.0.2\bin\VCRUNTIME140.dll
0x00007ffa5fbb0000 - 0x00007ffa5fd50000 	C:\Windows\System32\USER32.dll
0x00007ffa5f2c0000 - 0x00007ffa5f2e2000 	C:\Windows\System32\win32u.dll
0x00007ffa47ff0000 - 0x00007ffa4828b000 	C:\Windows\WinSxS\amd64_microsoft.windows.common-controls_6595b64144ccf1df_6.0.19041.746_none_ca02b4b61b8320a4\COMCTL32.dll
0x00007ffa5fa40000 - 0x00007ffa5fade000 	C:\Windows\System32\msvcrt.dll
0x00007ffa610d0000 - 0x00007ffa610fa000 	C:\Windows\System32\GDI32.dll
0x00007ffa5ebb0000 - 0x00007ffa5ecbb000 	C:\Windows\System32\gdi32full.dll
0x00007ffa5f0c0000 - 0x00007ffa5f15d000 	C:\Windows\System32\msvcp_win.dll
0x00007ffa60f00000 - 0x00007ffa60f30000 	C:\Windows\System32\IMM32.DLL
0x00007ffa16d40000 - 0x00007ffa16ddb000 	C:\jdk-14.0.2\bin\msvcp140.dll
0x00007ffa04060000 - 0x00007ffa04b7e000 	C:\jdk-14.0.2\bin\server\jvm.dll
0x00007ffa60f30000 - 0x00007ffa60fdc000 	C:\Windows\System32\ADVAPI32.dll
0x00007ffa60cb0000 - 0x00007ffa60d4c000 	C:\Windows\System32\sechost.dll
0x00007ffa60dd0000 - 0x00007ffa60efb000 	C:\Windows\System32\RPCRT4.dll
0x00007ffa607a0000 - 0x00007ffa607a8000 	C:\Windows\System32\PSAPI.DLL
0x00007ffa5a960000 - 0x00007ffa5a969000 	C:\Windows\SYSTEM32\WSOCK32.dll
0x00007ffa49a40000 - 0x00007ffa49a67000 	C:\Windows\SYSTEM32\WINMM.dll
0x00007ffa61130000 - 0x00007ffa6119b000 	C:\Windows\System32\WS2_32.dll
0x00007ffa56950000 - 0x00007ffa5695a000 	C:\Windows\SYSTEM32\VERSION.dll
0x00007ffa5c8f0000 - 0x00007ffa5c902000 	C:\Windows\SYSTEM32\kernel.appcore.dll
0x00007ffa54a70000 - 0x00007ffa54a7a000 	C:\jdk-14.0.2\bin\jimage.dll
0x00007ffa454c0000 - 0x00007ffa456a4000 	C:\Windows\SYSTEM32\DBGHELP.DLL
0x00007ffa47860000 - 0x00007ffa4788c000 	C:\Windows\SYSTEM32\dbgcore.DLL
0x00007ffa5e9d0000 - 0x00007ffa5ea50000 	C:\Windows\System32\bcryptPrimitives.dll
0x00007ffa416c0000 - 0x00007ffa416ce000 	C:\jdk-14.0.2\bin\instrument.dll
0x00007ffa314f0000 - 0x00007ffa31515000 	C:\jdk-14.0.2\bin\java.dll
0x00007ffa312f0000 - 0x00007ffa31306000 	C:\jdk-14.0.2\bin\zip.dll
0x00007ffa5f2f0000 - 0x00007ffa5fa33000 	C:\Windows\System32\SHELL32.dll
0x00007ffa5caf0000 - 0x00007ffa5d27f000 	C:\Windows\SYSTEM32\windows.storage.dll
0x00007ffa60950000 - 0x00007ffa60ca6000 	C:\Windows\System32\combase.dll
0x00007ffa5e360000 - 0x00007ffa5e38c000 	C:\Windows\SYSTEM32\Wldp.dll
0x00007ffa5fe30000 - 0x00007ffa5fede000 	C:\Windows\System32\SHCORE.dll
0x00007ffa600f0000 - 0x00007ffa60145000 	C:\Windows\System32\shlwapi.dll
0x00007ffa5e900000 - 0x00007ffa5e926000 	C:\Windows\SYSTEM32\profapi.dll
0x00007ffa21840000 - 0x00007ffa21859000 	C:\jdk-14.0.2\bin\net.dll
0x00007ffa4bbe0000 - 0x00007ffa4bce0000 	C:\Windows\SYSTEM32\WINHTTP.dll
0x00007ffa5e150000 - 0x00007ffa5e1ba000 	C:\Windows\system32\mswsock.dll
0x00007ffa21470000 - 0x00007ffa21482000 	C:\jdk-14.0.2\bin\nio.dll
0x00007ffa3a310000 - 0x00007ffa3a32a000 	E:\IntelliJ IDEA 2020.2.2\bin\breakgen64.dll
0x00007ffa549e0000 - 0x00007ffa549f0000 	C:\jdk-14.0.2\bin\verify.dll
0x00007ffa5e3a0000 - 0x00007ffa5e3b8000 	C:\Windows\SYSTEM32\CRYPTSP.dll
0x00007ffa5daa0000 - 0x00007ffa5dad4000 	C:\Windows\system32\rsaenh.dll
0x00007ffa5ef90000 - 0x00007ffa5efb7000 	C:\Windows\System32\bcrypt.dll
0x00007ffa5e8c0000 - 0x00007ffa5e8ee000 	C:\Windows\SYSTEM32\USERENV.dll
0x00007ffa5e2d0000 - 0x00007ffa5e2dc000 	C:\Windows\SYSTEM32\CRYPTBASE.dll
0x00007ffa5de10000 - 0x00007ffa5de4b000 	C:\Windows\SYSTEM32\IPHLPAPI.DLL
0x00007ffa61120000 - 0x00007ffa61128000 	C:\Windows\System32\NSI.dll
0x00007ffa56980000 - 0x00007ffa56997000 	C:\Windows\SYSTEM32\dhcpcsvc6.DLL
0x00007ffa56960000 - 0x00007ffa5697d000 	C:\Windows\SYSTEM32\dhcpcsvc.DLL
0x00007ffa5de50000 - 0x00007ffa5df1b000 	C:\Windows\SYSTEM32\DNSAPI.dll
0x00007ffa3c170000 - 0x00007ffa3c17a000 	C:\Users\domin\AppData\Local\Temp\jansi-1.17.1-16790047338443601833.dll
0x00007ffa3ada0000 - 0x00007ffa3adaa000 	C:\Users\domin\AppData\Local\Temp\jansi-1.17.1-16453754295897755587.dll

dbghelp: loaded successfully - version: 4.0.5 - missing functions: none
symbol engine: initialized successfully - sym options: 0x614 - pdb path: .;C:\jdk-14.0.2\bin;C:\Windows\SYSTEM32;C:\Windows\WinSxS\amd64_microsoft.windows.common-controls_6595b64144ccf1df_6.0.19041.746_none_ca02b4b61b8320a4;C:\jdk-14.0.2\bin\server;E:\IntelliJ IDEA 2020.2.2\bin;C:\Users\domin\AppData\Local\Temp

VM Arguments:
jvm_args: -Dmaven.multiModuleProjectDirectory=F:\github\warehouse-app\warehouse-service -Dmaven.home=C:\Users\domin\.m2\wrapper\dists\apache-maven-3.6.3-bin\1iopthnavndlasol9gbrbg6bf2\apache-maven-3.6.3 -Dclassworlds.conf=C:\Users\domin\.m2\wrapper\dists\apache-maven-3.6.3-bin\1iopthnavndlasol9gbrbg6bf2\apache-maven-3.6.3\bin\m2.conf -Dmaven.ext.class.path=E:\IntelliJ IDEA 2020.2.2\plugins\maven\lib\maven-event-listener.jar -javaagent:E:\IntelliJ IDEA 2020.2.2\lib\idea_rt.jar=54811:E:\IntelliJ IDEA 2020.2.2\bin -Dfile.encoding=UTF-8 
java_command: org.codehaus.classworlds.Launcher -Didea.version=2020.2.2 clean package
java_class_path (initial): C:\Users\domin\.m2\wrapper\dists\apache-maven-3.6.3-bin\1iopthnavndlasol9gbrbg6bf2\apache-maven-3.6.3\boot\plexus-classworlds-2.6.0.jar;C:\Users\domin\.m2\wrapper\dists\apache-maven-3.6.3-bin\1iopthnavndlasol9gbrbg6bf2\apache-maven-3.6.3\boot\plexus-classworlds.license
Launcher Type: SUN_STANDARD

[Global flags]
     intx CICompilerCount                          = 3                                         {product} {ergonomic}
     uint ConcGCThreads                            = 1                                         {product} {ergonomic}
     uint G1ConcRefinementThreads                  = 4                                         {product} {ergonomic}
   size_t G1HeapRegionSize                         = 1048576                                   {product} {ergonomic}
    uintx GCDrainStackTargetSize                   = 64                                        {product} {ergonomic}
   size_t InitialHeapSize                          = 134217728                                 {product} {ergonomic}
   size_t MarkStackSize                            = 4194304                                   {product} {ergonomic}
   size_t MaxHeapSize                              = 2120220672                                {product} {ergonomic}
   size_t MaxNewSize                               = 1271922688                                {product} {ergonomic}
   size_t MinHeapDeltaBytes                        = 1048576                                   {product} {ergonomic}
   size_t MinHeapSize                              = 8388608                                   {product} {ergonomic}
    uintx NonNMethodCodeHeapSize                   = 5832780                                {pd product} {ergonomic}
    uintx NonProfiledCodeHeapSize                  = 122912730                              {pd product} {ergonomic}
    uintx ProfiledCodeHeapSize                     = 122912730                              {pd product} {ergonomic}
    uintx ReservedCodeCacheSize                    = 251658240                              {pd product} {ergonomic}
     bool SegmentedCodeCache                       = true                                      {product} {ergonomic}
   size_t SoftMaxHeapSize                          = 2120220672                             {manageable} {ergonomic}
     bool UseCompressedClassPointers               = true                                 {lp64_product} {ergonomic}
     bool UseCompressedOops                        = true                                 {lp64_product} {ergonomic}
     bool UseG1GC                                  = true                                      {product} {ergonomic}
     bool UseLargePagesIndividualAllocation        = false                                  {pd product} {ergonomic}

Logging:
Log output configuration:
 #0: stdout all=warning uptime,level,tags
 #1: stderr all=off uptime,level,tags

Environment Variables:
JAVA_HOME=C:\jdk-14.0.2
PATH=C:\Windows\system32;C:\Windows;C:\Windows\System32\Wbem;C:\Windows\System32\WindowsPowerShell\v1.0\;C:\Windows\System32\OpenSSH\;C:\jdk-14.0.2\bin;C:\apache-maven-3.6.3\bin;C:\Program Files\dotnet\;C:\Program Files\Microsoft SQL Server\130\Tools\Binn\;C:\Program Files\Microsoft SQL Server\Client SDK\ODBC\170\Tools\Binn\;C:\Program Files\Microsoft SQL Server\110\Tools\Binn\;C:\Program Files (x86)\Microsoft SQL Server\110\Tools\Binn\;C:\Program Files\Microsoft SQL Server\110\DTS\Binn\;C:\Program Files (x86)\Microsoft SQL Server\110\Tools\Binn\ManagementStudio\;C:\Program Files (x86)\Microsoft SQL Server\110\DTS\Binn\;E:\Program Files\TortoiseSVN\bin;E:\Program Files\PuTTY\;C:\Program Files\Git\cmd;C:\Program Files (x86)\Brackets\command;C:\Program Files\nodejs\;C:\Program Files (x86)\NVIDIA Corporation\PhysX\Common;C:\Program Files\NVIDIA Corporation\NVIDIA NvDLISR;F:\Program Files (x86)\Microsoft Visual Studio\Shared\Python37_64;;C:\Program Files\Docker\Docker\resources\bin;C:\ProgramData\DockerDesktop\version-bin;C:\Program Files\MySQL\MySQL Shell 8.0\bin\;C:\Users\domin\AppData\Local\Microsoft\WindowsApps;C:\jdk-14.0.2\bin;C:\Users\domin\.dotnet\tools;C:\Users\domin\AppData\Roaming\npm;F:\Users\domin\AppData\Local\Programs\Microsoft VS Code\bin;C:\Program Files\heroku\bin
USERNAME=domin
OS=Windows_NT
PROCESSOR_IDENTIFIER=Intel64 Family 6 Model 158 Stepping 9, GenuineIntel



---------------  S Y S T E M  ---------------

OS: Windows 10 , 64 bit Build 19041 (10.0.19041.662)
OS uptime: 3 days 2:35 hours
HyperV virtualization detected

CPU:total 4 (initial active 4) (4 cores per cpu, 1 threads per core) family 6 model 158 stepping 9, cmov, cx8, fxsr, mmx, sse, sse2, sse3, ssse3, sse4.1, sse4.2, popcnt, avx, avx2, aes, clmul, erms, 3dnowpref, lzcnt, tsc, tscinvbit, bmi1, bmi2, adx, fma

Memory: 4k page, system-wide physical 8084M (379M free)
TotalPageFile size 20847M (AvailPageFile size 5M)
current process WorkingSet (physical memory assigned to process): 168M, peak: 179M
current process commit charge ("private bytes"): 246M, peak: 259M

vm_info: OpenJDK 64-Bit Server VM (14.0.2+12-46) for windows-amd64 JRE (14.0.2+12-46), built on Jul  9 2020 00:31:16 by "mach5one" with MS VC++ 15.9 (VS2017)

END.
